<?xml version="1.0" encoding="UTF-8"?>
<!-- Generated by org.testng.reporters.JUnitXMLReporter -->
<testsuite ignored="3" hostname="DESKTOP-96CAUE8" failures="0" tests="5" name="Default test" time="5.988" errors="0" timestamp="2021-03-06T14:39:41 IST">
  <testcase classname="com.testclasses.VerifyHomeTest1" name="@BeforeClass beforeclass" time="5.453">
    <failure type="java.lang.NullPointerException" message="Cannot invoke &amp;quot;org.openqa.selenium.SearchContext.findElement(org.openqa.selenium.By)&amp;quot; because &amp;quot;this.searchContext&amp;quot; is null">
      <![CDATA[java.lang.NullPointerException: Cannot invoke "org.openqa.selenium.SearchContext.findElement(org.openqa.selenium.By)" because "this.searchContext" is null
at org.openqa.selenium.support.pagefactory.DefaultElementLocator.findElement(DefaultElementLocator.java:69)
at org.openqa.selenium.support.pagefactory.internal.LocatingElementHandler.invoke(LocatingElementHandler.java:38)
at com.sun.proxy.$Proxy14.sendKeys(Unknown Source)
at com.pomclasses.PomLoginPage.sendusername(PomLoginPage.java:44)
at com.testclasses.VerifyHomeTest1.beforeclass(VerifyHomeTest1.java:27)
at java.base/jdk.internal.reflect.NativeMethodAccessorImpl.invoke0(Native Method)
at java.base/jdk.internal.reflect.NativeMethodAccessorImpl.invoke(NativeMethodAccessorImpl.java:62)
at java.base/jdk.internal.reflect.DelegatingMethodAccessorImpl.invoke(DelegatingMethodAccessorImpl.java:43)
at java.base/java.lang.reflect.Method.invoke(Method.java:564)
at org.testng.internal.MethodInvocationHelper.invokeMethod(MethodInvocationHelper.java:132)
at org.testng.internal.MethodInvocationHelper.invokeMethodConsideringTimeout(MethodInvocationHelper.java:61)
at org.testng.internal.ConfigInvoker.invokeConfigurationMethod(ConfigInvoker.java:366)
at org.testng.internal.ConfigInvoker.invokeConfigurations(ConfigInvoker.java:320)
at org.testng.internal.TestMethodWorker.invokeBeforeClassMethods(TestMethodWorker.java:176)
at org.testng.internal.TestMethodWorker.run(TestMethodWorker.java:122)
at java.base/java.util.ArrayList.forEach(ArrayList.java:1511)
at org.testng.TestRunner.privateRun(TestRunner.java:764)
at org.testng.TestRunner.run(TestRunner.java:585)
at org.testng.SuiteRunner.runTest(SuiteRunner.java:384)
at org.testng.SuiteRunner.runSequentially(SuiteRunner.java:378)
at org.testng.SuiteRunner.privateRun(SuiteRunner.java:337)
at org.testng.SuiteRunner.run(SuiteRunner.java:286)
at org.testng.SuiteRunnerWorker.runSuite(SuiteRunnerWorker.java:53)
at org.testng.SuiteRunnerWorker.run(SuiteRunnerWorker.java:96)
at org.testng.TestNG.runSuitesSequentially(TestNG.java:1218)
at org.testng.TestNG.runSuitesLocally(TestNG.java:1140)
at org.testng.TestNG.runSuites(TestNG.java:1069)
at org.testng.TestNG.run(TestNG.java:1037)
at org.testng.remote.AbstractRemoteTestNG.run(AbstractRemoteTestNG.java:115)
at org.testng.remote.RemoteTestNG.initAndRun(RemoteTestNG.java:251)
at org.testng.remote.RemoteTestNG.main(RemoteTestNG.java:77)
]]>
    </failure>
  </testcase> <!-- @BeforeClass beforeclass -->
  <testcase classname="com.testclasses.VerifyHomeTest1" name="@BeforeMethod logINkite" time="-1.615021780756E9">
    <skipped/>
  </testcase> <!-- @BeforeMethod logINkite -->
  <testcase classname="com.testclasses.VerifyHomeTest1" name="@AfterMethod logout" time="-1.615021780784E9">
    <skipped/>
  </testcase> <!-- @AfterMethod logout -->
  <testcase classname="com.testclasses.VerifyHomeTest1" name="@BeforeMethod logINkite" time="-1.615021780791E9">
    <skipped/>
  </testcase> <!-- @BeforeMethod logINkite -->
  <testcase classname="com.testclasses.VerifyHomeTest1" name="@AfterMethod logout" time="-1.61502178081E9">
    <skipped/>
  </testcase> <!-- @AfterMethod logout -->
  <testcase classname="com.testclasses.VerifyHomeTest1" name="@BeforeMethod logINkite" time="-1.615021780817E9">
    <skipped/>
  </testcase> <!-- @BeforeMethod logINkite -->
  <testcase classname="com.testclasses.VerifyHomeTest1" name="@AfterMethod logout" time="-1.615021780839E9">
    <skipped/>
  </testcase> <!-- @AfterMethod logout -->
  <testcase classname="com.testclasses.VerifyHomeTest1" name="@BeforeMethod logINkite" time="-1.615021780882E9">
    <skipped/>
  </testcase> <!-- @BeforeMethod logINkite -->
  <testcase classname="com.testclasses.VerifyHomeTest1" name="@AfterMethod logout" time="-1.615021780921E9">
    <skipped/>
  </testcase> <!-- @AfterMethod logout -->
  <testcase classname="com.testclasses.VerifyHomeTest1" name="@BeforeMethod logINkite" time="-1.615021781159E9">
    <skipped/>
  </testcase> <!-- @BeforeMethod logINkite -->
  <testcase classname="com.testclasses.VerifyHomeTest1" name="@AfterMethod logout" time="-1.615021781173E9">
    <skipped/>
  </testcase> <!-- @AfterMethod logout -->
  <testcase classname="com.testclasses.VerifyHomeTest1" name="@AfterClass afterclass" time="-1.615021781177E9">
    <skipped/>
  </testcase> <!-- @AfterClass afterclass -->
  <testcase classname="com.testclasses.VerifyHomeTest1" name="verifydashboardtab" time="0.0">
    <skipped/>
  </testcase> <!-- verifydashboardtab -->
  <testcase classname="com.testclasses.VerifyHomeTest1" name="verifydashboardtab" time="0.0">
    <skipped/>
  </testcase> <!-- verifydashboardtab -->
  <testcase classname="com.testclasses.VerifyHomeTest1" name="verifydashboardtab" time="0.0">
    <skipped/>
  </testcase> <!-- verifydashboardtab -->
  <testcase classname="com.testclasses.VerifyHomeTest1" name="verifyOrderstab" time="0.0">
    <skipped/>
  </testcase> <!-- verifyOrderstab -->
  <testcase classname="com.testclasses.VerifyHomeTest1" name="verifyHoldingtab" time="0.0">
    <skipped/>
  </testcase> <!-- verifyHoldingtab -->
  <testcase classname="com.testclasses.VerifyHomeTest1" name="verifyFundstab" time="0.0">
    <ignored/>
  </testcase> <!-- verifyFundstab -->
  <testcase classname="com.testclasses.VerifyHomeTest1" name="verifyappstab" time="0.0">
    <ignored/>
  </testcase> <!-- verifyappstab -->
  <testcase classname="com.testclasses.VerifyHomeTest1" name="verifyPositionstab" time="0.0">
    <ignored/>
  </testcase> <!-- verifyPositionstab -->
</testsuite> <!-- Default test -->
