<?xml version="1.0" encoding="UTF-8"?>
<!-- Generated by org.testng.reporters.JUnitXMLReporter -->
<testsuite ignored="2" hostname="DESKTOP-96CAUE8" failures="0" tests="4" name="Default test(failed)" time="5.382" errors="0" timestamp="2021-03-04T16:19:57 IST">
  <testcase classname="com.testclasses.VerifyHomeTest1" name="@BeforeClass beforeclass" time="4.926">
    <failure type="org.openqa.selenium.SessionNotCreatedException" message="session not created: This version of ChromeDriver only supports Chrome version 87
Current browser version is 89.0.4389.72 with binary path C:\Program Files (x86)\Google\Chrome\Application\chrome.exe
Build info: version: &amp;apos;3.141.59&amp;apos;, revision: &amp;apos;e82be7d358&amp;apos;, time: &amp;apos;2018-11-14T08:17:03&amp;apos;
System info: host: &amp;apos;DESKTOP-96CAUE8&amp;apos;, ip: &amp;apos;192.168.1.5&amp;apos;, os.name: &amp;apos;Windows 10&amp;apos;, os.arch: &amp;apos;amd64&amp;apos;, os.version: &amp;apos;10.0&amp;apos;, java.version: &amp;apos;14.0.2&amp;apos;
Driver info: driver.version: ChromeDriver
remote stacktrace: Backtrace:
	Ordinal0 [0x00BEC0C3+3326147]
	Ordinal0 [0x00AD0851+2164817]
	Ordinal0 [0x00957298+619160]
	Ordinal0 [0x008D1D92+73106]
	Ordinal0 [0x008CE119+57625]
	Ordinal0 [0x008CC38A+50058]
	Ordinal0 [0x008F5F3E+220990]
	Ordinal0 [0x008F5CAC+220332]
	Ordinal0 [0x008F189B+202907]
	Ordinal0 [0x008D3DF4+81396]
	Ordinal0 [0x008D4DEE+85486]
	Ordinal0 [0x008D4D79+85369]
	Ordinal0 [0x00AE85DC+2262492]
	GetHandleVerifier [0x00D72874+1487204]
	GetHandleVerifier [0x00D723CD+1486013]
	GetHandleVerifier [0x00D7A368+1518680]
	GetHandleVerifier [0x00D72F4E+1488958]
	Ordinal0 [0x00ADED0D+2223373]
	Ordinal0 [0x00AEA12B+2269483]
	Ordinal0 [0x00AEA26F+2269807]
	Ordinal0 [0x00AFECB8+2354360]
	BaseThreadInitThunk [0x76558744+36]
	RtlGetAppContainerNamedObjectPath [0x773358ED+253]
	RtlGetAppContainerNamedObjectPath [0x773358BD+205]
">
      <![CDATA[org.openqa.selenium.SessionNotCreatedException: session not created: This version of ChromeDriver only supports Chrome version 87
Current browser version is 89.0.4389.72 with binary path C:\Program Files (x86)\Google\Chrome\Application\chrome.exe
Build info: version: '3.141.59', revision: 'e82be7d358', time: '2018-11-14T08:17:03'
System info: host: 'DESKTOP-96CAUE8', ip: '192.168.1.5', os.name: 'Windows 10', os.arch: 'amd64', os.version: '10.0', java.version: '14.0.2'
Driver info: driver.version: ChromeDriver
remote stacktrace: Backtrace:
Ordinal0 [0x00BEC0C3+3326147]
Ordinal0 [0x00AD0851+2164817]
Ordinal0 [0x00957298+619160]
Ordinal0 [0x008D1D92+73106]
Ordinal0 [0x008CE119+57625]
Ordinal0 [0x008CC38A+50058]
Ordinal0 [0x008F5F3E+220990]
Ordinal0 [0x008F5CAC+220332]
Ordinal0 [0x008F189B+202907]
Ordinal0 [0x008D3DF4+81396]
Ordinal0 [0x008D4DEE+85486]
Ordinal0 [0x008D4D79+85369]
Ordinal0 [0x00AE85DC+2262492]
GetHandleVerifier [0x00D72874+1487204]
GetHandleVerifier [0x00D723CD+1486013]
GetHandleVerifier [0x00D7A368+1518680]
GetHandleVerifier [0x00D72F4E+1488958]
Ordinal0 [0x00ADED0D+2223373]
Ordinal0 [0x00AEA12B+2269483]
Ordinal0 [0x00AEA26F+2269807]
Ordinal0 [0x00AFECB8+2354360]
BaseThreadInitThunk [0x76558744+36]
RtlGetAppContainerNamedObjectPath [0x773358ED+253]
RtlGetAppContainerNamedObjectPath [0x773358BD+205]

at org.openqa.selenium.remote.W3CHandshakeResponse.lambda$errorHandler$0(W3CHandshakeResponse.java:62)
at org.openqa.selenium.remote.HandshakeResponse.lambda$getResponseFunction$0(HandshakeResponse.java:30)
at org.openqa.selenium.remote.ProtocolHandshake.lambda$createSession$0(ProtocolHandshake.java:126)
at java.base/java.util.stream.ReferencePipeline$3$1.accept(ReferencePipeline.java:195)
at java.base/java.util.Spliterators$ArraySpliterator.tryAdvance(Spliterators.java:958)
at java.base/java.util.stream.ReferencePipeline.forEachWithCancel(ReferencePipeline.java:127)
at java.base/java.util.stream.AbstractPipeline.copyIntoWithCancel(AbstractPipeline.java:502)
at java.base/java.util.stream.AbstractPipeline.copyInto(AbstractPipeline.java:488)
at java.base/java.util.stream.AbstractPipeline.wrapAndCopyInto(AbstractPipeline.java:474)
at java.base/java.util.stream.FindOps$FindOp.evaluateSequential(FindOps.java:150)
at java.base/java.util.stream.AbstractPipeline.evaluate(AbstractPipeline.java:234)
at java.base/java.util.stream.ReferencePipeline.findFirst(ReferencePipeline.java:543)
at org.openqa.selenium.remote.ProtocolHandshake.createSession(ProtocolHandshake.java:128)
at org.openqa.selenium.remote.ProtocolHandshake.createSession(ProtocolHandshake.java:74)
at org.openqa.selenium.remote.HttpCommandExecutor.execute(HttpCommandExecutor.java:136)
at org.openqa.selenium.remote.service.DriverCommandExecutor.execute(DriverCommandExecutor.java:83)
at org.openqa.selenium.remote.RemoteWebDriver.execute(RemoteWebDriver.java:552)
at org.openqa.selenium.remote.RemoteWebDriver.startSession(RemoteWebDriver.java:213)
at org.openqa.selenium.remote.RemoteWebDriver.<init>(RemoteWebDriver.java:131)
at org.openqa.selenium.chrome.ChromeDriver.<init>(ChromeDriver.java:181)
at org.openqa.selenium.chrome.ChromeDriver.<init>(ChromeDriver.java:168)
at org.openqa.selenium.chrome.ChromeDriver.<init>(ChromeDriver.java:157)
at com.testclasses.VerifyHomeTest1.beforeclass(VerifyHomeTest1.java:27)
at java.base/java.util.ArrayList.forEach(ArrayList.java:1511)
... Removed 30 stack frames]]>
    </failure>
  </testcase> <!-- @BeforeClass beforeclass -->
  <testcase classname="com.testclasses.VerifyHomeTest1" name="@BeforeMethod logINkite" time="-1.61485499675E9">
    <skipped/>
  </testcase> <!-- @BeforeMethod logINkite -->
  <testcase classname="com.testclasses.VerifyHomeTest1" name="@AfterMethod logout" time="-1.614854996761E9">
    <skipped/>
  </testcase> <!-- @AfterMethod logout -->
  <testcase classname="com.testclasses.VerifyHomeTest1" name="@BeforeMethod logINkite" time="-1.614854996763E9">
    <skipped/>
  </testcase> <!-- @BeforeMethod logINkite -->
  <testcase classname="com.testclasses.VerifyHomeTest1" name="@AfterMethod logout" time="-1.614854996907E9">
    <skipped/>
  </testcase> <!-- @AfterMethod logout -->
  <testcase classname="com.testclasses.VerifyHomeTest1" name="@BeforeMethod logINkite" time="-1.614854996917E9">
    <skipped/>
  </testcase> <!-- @BeforeMethod logINkite -->
  <testcase classname="com.testclasses.VerifyHomeTest1" name="@AfterMethod logout" time="-1.61485499699E9">
    <skipped/>
  </testcase> <!-- @AfterMethod logout -->
  <testcase classname="com.testclasses.VerifyHomeTest1" name="@BeforeMethod logINkite" time="-1.614854996996E9">
    <skipped/>
  </testcase> <!-- @BeforeMethod logINkite -->
  <testcase classname="com.testclasses.VerifyHomeTest1" name="@AfterMethod logout" time="-1.614854997042E9">
    <skipped/>
  </testcase> <!-- @AfterMethod logout -->
  <testcase classname="com.testclasses.VerifyHomeTest1" name="@AfterClass afterclass" time="-1.614854997059E9">
    <skipped/>
  </testcase> <!-- @AfterClass afterclass -->
  <testcase classname="com.testclasses.VerifyHomeTest1" name="verifyappstab" time="0.0">
    <skipped/>
  </testcase> <!-- verifyappstab -->
  <testcase classname="com.testclasses.VerifyHomeTest1" name="verifyOrderstab" time="0.0">
    <skipped/>
  </testcase> <!-- verifyOrderstab -->
  <testcase classname="com.testclasses.VerifyHomeTest1" name="verifydashboardtab" time="0.0">
    <skipped/>
  </testcase> <!-- verifydashboardtab -->
  <testcase classname="com.testclasses.VerifyHomeTest1" name="verifyPositionstab" time="0.0">
    <skipped/>
  </testcase> <!-- verifyPositionstab -->
  <testcase classname="com.testclasses.VerifyHomeTest1" name="verifyFundstab" time="0.0">
    <ignored/>
  </testcase> <!-- verifyFundstab -->
  <testcase classname="com.testclasses.VerifyHomeTest1" name="verifyHoldingtab" time="0.0">
    <ignored/>
  </testcase> <!-- verifyHoldingtab -->
</testsuite> <!-- Default test(failed) -->
