<?xml version="1.0" encoding="UTF-8"?>
<!-- Generated by org.testng.reporters.JUnitReportReporter -->
<testsuite hostname="DESKTOP-96CAUE8" failures="0" tests="9" name="com.testclasses.VerifyHomeTest1" time="5.453" errors="1" timestamp="2021-03-06T14:39:41 IST" skipped="8">
  <testcase classname="com.testclasses.VerifyHomeTest1" name="beforeclass" time="5.453">
    <error message="Cannot invoke &quot;org.openqa.selenium.SearchContext.findElement(org.openqa.selenium.By)&quot; because &quot;this.searchContext&quot; is null" type="java.lang.NullPointerException">
      <![CDATA[java.lang.NullPointerException: Cannot invoke "org.openqa.selenium.SearchContext.findElement(org.openqa.selenium.By)" because "this.searchContext" is null
at org.openqa.selenium.support.pagefactory.DefaultElementLocator.findElement(DefaultElementLocator.java:69)
at org.openqa.selenium.support.pagefactory.internal.LocatingElementHandler.invoke(LocatingElementHandler.java:38)
at com.sun.proxy.$Proxy14.sendKeys(Unknown Source)
at com.pomclasses.PomLoginPage.sendusername(PomLoginPage.java:44)
at com.testclasses.VerifyHomeTest1.beforeclass(VerifyHomeTest1.java:27)
at java.base/jdk.internal.reflect.NativeMethodAccessorImpl.invoke0(Native Method)
at java.base/jdk.internal.reflect.NativeMethodAccessorImpl.invoke(NativeMethodAccessorImpl.java:62)
at java.base/jdk.internal.reflect.DelegatingMethodAccessorImpl.invoke(DelegatingMethodAccessorImpl.java:43)
at java.base/java.lang.reflect.Method.invoke(Method.java:564)
at org.testng.internal.MethodInvocationHelper.invokeMethod(MethodInvocationHelper.java:132)
at org.testng.internal.MethodInvocationHelper.invokeMethodConsideringTimeout(MethodInvocationHelper.java:61)
at org.testng.internal.ConfigInvoker.invokeConfigurationMethod(ConfigInvoker.java:366)
at org.testng.internal.ConfigInvoker.invokeConfigurations(ConfigInvoker.java:320)
at org.testng.internal.TestMethodWorker.invokeBeforeClassMethods(TestMethodWorker.java:176)
at org.testng.internal.TestMethodWorker.run(TestMethodWorker.java:122)
at java.base/java.util.ArrayList.forEach(ArrayList.java:1511)
at org.testng.TestRunner.privateRun(TestRunner.java:764)
at org.testng.TestRunner.run(TestRunner.java:585)
at org.testng.SuiteRunner.runTest(SuiteRunner.java:384)
at org.testng.SuiteRunner.runSequentially(SuiteRunner.java:378)
at org.testng.SuiteRunner.privateRun(SuiteRunner.java:337)
at org.testng.SuiteRunner.run(SuiteRunner.java:286)
at org.testng.SuiteRunnerWorker.runSuite(SuiteRunnerWorker.java:53)
at org.testng.SuiteRunnerWorker.run(SuiteRunnerWorker.java:96)
at org.testng.TestNG.runSuitesSequentially(TestNG.java:1218)
at org.testng.TestNG.runSuitesLocally(TestNG.java:1140)
at org.testng.TestNG.runSuites(TestNG.java:1069)
at org.testng.TestNG.run(TestNG.java:1037)
at org.testng.remote.AbstractRemoteTestNG.run(AbstractRemoteTestNG.java:115)
at org.testng.remote.RemoteTestNG.initAndRun(RemoteTestNG.java:251)
at org.testng.remote.RemoteTestNG.main(RemoteTestNG.java:77)
]]>
    </error>
  </testcase> <!-- beforeclass -->
  <system-out/>
  <testcase classname="com.testclasses.VerifyHomeTest1" name="verifydashboardtab" time="0.000">
    <skipped/>
  </testcase> <!-- verifydashboardtab -->
  <system-out/>
  <testcase classname="com.testclasses.VerifyHomeTest1" name="verifydashboardtab" time="0.000">
    <skipped/>
  </testcase> <!-- verifydashboardtab -->
  <system-out/>
  <testcase classname="com.testclasses.VerifyHomeTest1" name="verifydashboardtab" time="0.000">
    <skipped/>
  </testcase> <!-- verifydashboardtab -->
  <system-out/>
  <testcase classname="com.testclasses.VerifyHomeTest1" name="verifyOrderstab" time="0.000">
    <skipped/>
  </testcase> <!-- verifyOrderstab -->
  <system-out/>
  <testcase classname="com.testclasses.VerifyHomeTest1" name="verifyHoldingtab" time="0.000">
    <skipped/>
  </testcase> <!-- verifyHoldingtab -->
  <system-out/>
  <testcase classname="com.testclasses.VerifyHomeTest1" name="verifyFundstab">
    <skipped/>
  </testcase> <!-- verifyFundstab -->
  <system-out/>
  <testcase classname="com.testclasses.VerifyHomeTest1" name="verifyappstab">
    <skipped/>
  </testcase> <!-- verifyappstab -->
  <system-out/>
  <testcase classname="com.testclasses.VerifyHomeTest1" name="verifyPositionstab">
    <skipped/>
  </testcase> <!-- verifyPositionstab -->
  <system-out/>
</testsuite> <!-- com.testclasses.VerifyHomeTest1 -->
