<?xml version="1.0" encoding="UTF-8"?>
<!-- Generated by org.testng.reporters.JUnitReportReporter -->
<testsuite hostname="DESKTOP-96CAUE8" failures="0" tests="2" name="testclass.SellBSE" time="2.404" errors="1" timestamp="2021-03-03T18:17:05 IST" skipped="1">
  <testcase classname="testclass.SellBSE" name="beforeclass" time="2.404">
    <error message="session not created: This version of ChromeDriver only supports Chrome version 87
Current browser version is 89.0.4389.72 with binary path C:\Program Files (x86)\Google\Chrome\Application\chrome.exe
Build info: version: &#039;3.141.59&#039;, revision: &#039;e82be7d358&#039;, time: &#039;2018-11-14T08:25:53&#039;
System info: host: &#039;DESKTOP-96CAUE8&#039;, ip: &#039;192.168.1.4&#039;, os.name: &#039;Windows 10&#039;, os.arch: &#039;amd64&#039;, os.version: &#039;10.0&#039;, java.version: &#039;14.0.2&#039;
Driver info: driver.version: ChromeDriver
remote stacktrace: Backtrace:
	Ordinal0 [0x0170C0C3+3326147]
	Ordinal0 [0x015F0851+2164817]
	Ordinal0 [0x01477298+619160]
	Ordinal0 [0x013F1D92+73106]
	Ordinal0 [0x013EE119+57625]
	Ordinal0 [0x013EC38A+50058]
	Ordinal0 [0x01415F3E+220990]
	Ordinal0 [0x01415CAC+220332]
	Ordinal0 [0x0141189B+202907]
	Ordinal0 [0x013F3DF4+81396]
	Ordinal0 [0x013F4DEE+85486]
	Ordinal0 [0x013F4D79+85369]
	Ordinal0 [0x016085DC+2262492]
	GetHandleVerifier [0x01892874+1487204]
	GetHandleVerifier [0x018923CD+1486013]
	GetHandleVerifier [0x0189A368+1518680]
	GetHandleVerifier [0x01892F4E+1488958]
	Ordinal0 [0x015FED0D+2223373]
	Ordinal0 [0x0160A12B+2269483]
	Ordinal0 [0x0160A26F+2269807]
	Ordinal0 [0x0161ECB8+2354360]
	BaseThreadInitThunk [0x76908744+36]
	RtlGetAppContainerNamedObjectPath [0x774F58ED+253]
	RtlGetAppContainerNamedObjectPath [0x774F58BD+205]
" type="org.openqa.selenium.SessionNotCreatedException">
      <![CDATA[org.openqa.selenium.SessionNotCreatedException: session not created: This version of ChromeDriver only supports Chrome version 87
Current browser version is 89.0.4389.72 with binary path C:\Program Files (x86)\Google\Chrome\Application\chrome.exe
Build info: version: '3.141.59', revision: 'e82be7d358', time: '2018-11-14T08:25:53'
System info: host: 'DESKTOP-96CAUE8', ip: '192.168.1.4', os.name: 'Windows 10', os.arch: 'amd64', os.version: '10.0', java.version: '14.0.2'
Driver info: driver.version: ChromeDriver
remote stacktrace: Backtrace:
Ordinal0 [0x0170C0C3+3326147]
Ordinal0 [0x015F0851+2164817]
Ordinal0 [0x01477298+619160]
Ordinal0 [0x013F1D92+73106]
Ordinal0 [0x013EE119+57625]
Ordinal0 [0x013EC38A+50058]
Ordinal0 [0x01415F3E+220990]
Ordinal0 [0x01415CAC+220332]
Ordinal0 [0x0141189B+202907]
Ordinal0 [0x013F3DF4+81396]
Ordinal0 [0x013F4DEE+85486]
Ordinal0 [0x013F4D79+85369]
Ordinal0 [0x016085DC+2262492]
GetHandleVerifier [0x01892874+1487204]
GetHandleVerifier [0x018923CD+1486013]
GetHandleVerifier [0x0189A368+1518680]
GetHandleVerifier [0x01892F4E+1488958]
Ordinal0 [0x015FED0D+2223373]
Ordinal0 [0x0160A12B+2269483]
Ordinal0 [0x0160A26F+2269807]
Ordinal0 [0x0161ECB8+2354360]
BaseThreadInitThunk [0x76908744+36]
RtlGetAppContainerNamedObjectPath [0x774F58ED+253]
RtlGetAppContainerNamedObjectPath [0x774F58BD+205]

at java.base/jdk.internal.reflect.NativeConstructorAccessorImpl.newInstance0(Native Method)
at java.base/jdk.internal.reflect.NativeConstructorAccessorImpl.newInstance(NativeConstructorAccessorImpl.java:62)
at java.base/jdk.internal.reflect.DelegatingConstructorAccessorImpl.newInstance(DelegatingConstructorAccessorImpl.java:45)
at java.base/java.lang.reflect.Constructor.newInstanceWithCaller(Constructor.java:500)
at java.base/java.lang.reflect.Constructor.newInstance(Constructor.java:481)
at org.openqa.selenium.remote.W3CHandshakeResponse.lambda$errorHandler$0(W3CHandshakeResponse.java:62)
at org.openqa.selenium.remote.HandshakeResponse.lambda$getResponseFunction$0(HandshakeResponse.java:30)
at org.openqa.selenium.remote.ProtocolHandshake.lambda$createSession$0(ProtocolHandshake.java:126)
at java.base/java.util.stream.ReferencePipeline$3$1.accept(ReferencePipeline.java:195)
at java.base/java.util.Spliterators$ArraySpliterator.tryAdvance(Spliterators.java:958)
at java.base/java.util.stream.ReferencePipeline.forEachWithCancel(ReferencePipeline.java:127)
at java.base/java.util.stream.AbstractPipeline.copyIntoWithCancel(AbstractPipeline.java:502)
at java.base/java.util.stream.AbstractPipeline.copyInto(AbstractPipeline.java:488)
at java.base/java.util.stream.AbstractPipeline.wrapAndCopyInto(AbstractPipeline.java:474)
at java.base/java.util.stream.FindOps$FindOp.evaluateSequential(FindOps.java:150)
at java.base/java.util.stream.AbstractPipeline.evaluate(AbstractPipeline.java:234)
at java.base/java.util.stream.ReferencePipeline.findFirst(ReferencePipeline.java:543)
at org.openqa.selenium.remote.ProtocolHandshake.createSession(ProtocolHandshake.java:128)
at org.openqa.selenium.remote.ProtocolHandshake.createSession(ProtocolHandshake.java:74)
at org.openqa.selenium.remote.HttpCommandExecutor.execute(HttpCommandExecutor.java:136)
at org.openqa.selenium.remote.service.DriverCommandExecutor.execute(DriverCommandExecutor.java:83)
at org.openqa.selenium.remote.RemoteWebDriver.execute(RemoteWebDriver.java:552)
at org.openqa.selenium.remote.RemoteWebDriver.startSession(RemoteWebDriver.java:213)
at org.openqa.selenium.remote.RemoteWebDriver.<init>(RemoteWebDriver.java:131)
at org.openqa.selenium.chrome.ChromeDriver.<init>(ChromeDriver.java:181)
at org.openqa.selenium.chrome.ChromeDriver.<init>(ChromeDriver.java:168)
at org.openqa.selenium.chrome.ChromeDriver.<init>(ChromeDriver.java:157)
at com.base.Base.initialise(Base.java:19)
at testclass.SellBSE.beforeclass(SellBSE.java:26)
at java.base/jdk.internal.reflect.NativeMethodAccessorImpl.invoke0(Native Method)
at java.base/jdk.internal.reflect.NativeMethodAccessorImpl.invoke(NativeMethodAccessorImpl.java:62)
at java.base/jdk.internal.reflect.DelegatingMethodAccessorImpl.invoke(DelegatingMethodAccessorImpl.java:43)
at java.base/java.lang.reflect.Method.invoke(Method.java:564)
at org.testng.internal.MethodInvocationHelper.invokeMethod(MethodInvocationHelper.java:132)
at org.testng.internal.MethodInvocationHelper.invokeMethodConsideringTimeout(MethodInvocationHelper.java:61)
at org.testng.internal.ConfigInvoker.invokeConfigurationMethod(ConfigInvoker.java:366)
at org.testng.internal.ConfigInvoker.invokeConfigurations(ConfigInvoker.java:320)
at org.testng.internal.TestMethodWorker.invokeBeforeClassMethods(TestMethodWorker.java:176)
at org.testng.internal.TestMethodWorker.run(TestMethodWorker.java:122)
at java.base/java.util.ArrayList.forEach(ArrayList.java:1511)
at org.testng.TestRunner.privateRun(TestRunner.java:764)
at org.testng.TestRunner.run(TestRunner.java:585)
at org.testng.SuiteRunner.runTest(SuiteRunner.java:384)
at org.testng.SuiteRunner.runSequentially(SuiteRunner.java:378)
at org.testng.SuiteRunner.privateRun(SuiteRunner.java:337)
at org.testng.SuiteRunner.run(SuiteRunner.java:286)
at org.testng.SuiteRunnerWorker.runSuite(SuiteRunnerWorker.java:53)
at org.testng.SuiteRunnerWorker.run(SuiteRunnerWorker.java:96)
at org.testng.TestNG.runSuitesSequentially(TestNG.java:1218)
at org.testng.TestNG.runSuitesLocally(TestNG.java:1140)
at org.testng.TestNG.runSuites(TestNG.java:1069)
at org.testng.TestNG.run(TestNG.java:1037)
at org.testng.remote.AbstractRemoteTestNG.run(AbstractRemoteTestNG.java:115)
at org.testng.remote.RemoteTestNG.initAndRun(RemoteTestNG.java:251)
at org.testng.remote.RemoteTestNG.main(RemoteTestNG.java:77)
]]>
    </error>
  </testcase> <!-- beforeclass -->
  <system-out/>
  <testcase classname="testclass.SellBSE" name="buysharesmarketorder" time="0.000">
    <skipped/>
  </testcase> <!-- buysharesmarketorder -->
  <system-out/>
</testsuite> <!-- testclass.SellBSE -->
